0 info it worked if it ends with ok
1 verbose cli [ '/usr/local/node/bin/node',
1 verbose cli   '/usr/local/node/bin/npm',
1 verbose cli   'run',
1 verbose cli   'coveralls' ]
2 info using npm@1.4.14
3 info using node@v0.10.29
4 error Failed to parse json
4 error Unexpected token :
5 error File: /home/nss/apps/code/property-manager/package.json
6 error Failed to parse package.json data.
6 error package.json must be actual JSON, not just JavaScript.
6 error
6 error This is not a bug in npm.
6 error Tell the package author to fix their package.json file. JSON.parse
7 error System Linux 3.13.0-24-generic
8 error command "/usr/local/node/bin/node" "/usr/local/node/bin/npm" "run" "coveralls"
9 error cwd /home/nss/apps/code/property-manager
10 error node -v v0.10.29
11 error npm -v 1.4.14
12 error file /home/nss/apps/code/property-manager/package.json
13 error code EJSONPARSE
14 verbose exit [ 1, true ]
